<?xml version="1.0" encoding="UTF-8"?>
<testsuite name="com.infelps.book.springboot.web.IndexControllerTest" tests="1" skipped="0" failures="0" errors="0" timestamp="2022-02-10T07:15:49" hostname="joseongmin-ui-MacBookPro.local" time="0.14">
  <properties/>
  <testcase name="메인페이지_로딩" classname="com.infelps.book.springboot.web.IndexControllerTest" time="0.14"/>
  <system-out><![CDATA[16:15:46.864 [Test worker] DEBUG org.springframework.test.context.junit4.SpringJUnit4ClassRunner - SpringJUnit4ClassRunner constructor called with [class com.infelps.book.springboot.web.IndexControllerTest]
16:15:46.866 [Test worker] DEBUG org.springframework.test.context.BootstrapUtils - Instantiating CacheAwareContextLoaderDelegate from class [org.springframework.test.context.cache.DefaultCacheAwareContextLoaderDelegate]
16:15:46.869 [Test worker] DEBUG org.springframework.test.context.BootstrapUtils - Instantiating BootstrapContext using constructor [public org.springframework.test.context.support.DefaultBootstrapContext(java.lang.Class,org.springframework.test.context.CacheAwareContextLoaderDelegate)]
16:15:46.877 [Test worker] DEBUG org.springframework.test.context.BootstrapUtils - Instantiating TestContextBootstrapper for test class [com.infelps.book.springboot.web.IndexControllerTest] from class [org.springframework.boot.test.context.SpringBootTestContextBootstrapper]
16:15:46.882 [Test worker] INFO org.springframework.boot.test.context.SpringBootTestContextBootstrapper - Neither @ContextConfiguration nor @ContextHierarchy found for test class [com.infelps.book.springboot.web.IndexControllerTest], using SpringBootContextLoader
16:15:46.883 [Test worker] DEBUG org.springframework.test.context.support.AbstractContextLoader - Did not detect default resource location for test class [com.infelps.book.springboot.web.IndexControllerTest]: class path resource [com/infelps/book/springboot/web/IndexControllerTest-context.xml] does not exist
16:15:46.884 [Test worker] DEBUG org.springframework.test.context.support.AbstractContextLoader - Did not detect default resource location for test class [com.infelps.book.springboot.web.IndexControllerTest]: class path resource [com/infelps/book/springboot/web/IndexControllerTestContext.groovy] does not exist
16:15:46.884 [Test worker] INFO org.springframework.test.context.support.AbstractContextLoader - Could not detect default resource locations for test class [com.infelps.book.springboot.web.IndexControllerTest]: no resource found for suffixes {-context.xml, Context.groovy}.
16:15:46.884 [Test worker] INFO org.springframework.test.context.support.AnnotationConfigContextLoaderUtils - Could not detect default configuration classes for test class [com.infelps.book.springboot.web.IndexControllerTest]: IndexControllerTest does not declare any static, non-private, non-final, nested classes annotated with @Configuration.
16:15:46.900 [Test worker] DEBUG org.springframework.test.context.support.ActiveProfilesUtils - Could not find an 'annotation declaring class' for annotation type [org.springframework.test.context.ActiveProfiles] and class [com.infelps.book.springboot.web.IndexControllerTest]
16:15:46.945 [Test worker] DEBUG org.springframework.context.annotation.ClassPathScanningCandidateComponentProvider - Identified candidate component class: file [/Users/choseongmin/IdeaProjects/spring/build/classes/java/main/com/infelps/book/springboot/Application.class]
16:15:46.945 [Test worker] INFO org.springframework.boot.test.context.SpringBootTestContextBootstrapper - Found @SpringBootConfiguration com.infelps.book.springBoot.Application for test class com.infelps.book.springboot.web.IndexControllerTest
16:15:46.987 [Test worker] DEBUG org.springframework.boot.test.context.SpringBootTestContextBootstrapper - @TestExecutionListeners is not present for class [com.infelps.book.springboot.web.IndexControllerTest]: using defaults.
16:15:46.988 [Test worker] INFO org.springframework.boot.test.context.SpringBootTestContextBootstrapper - Loaded default TestExecutionListener class names from location [META-INF/spring.factories]: [org.springframework.security.test.context.support.WithSecurityContextTestExecutionListener, org.springframework.security.test.context.support.ReactorContextTestExecutionListener, org.springframework.boot.test.autoconfigure.restdocs.RestDocsTestExecutionListener, org.springframework.boot.test.autoconfigure.web.client.MockRestServiceServerResetTestExecutionListener, org.springframework.boot.test.autoconfigure.web.servlet.MockMvcPrintOnlyOnFailureTestExecutionListener, org.springframework.boot.test.autoconfigure.web.servlet.WebDriverTestExecutionListener, org.springframework.boot.test.mock.mockito.MockitoTestExecutionListener, org.springframework.boot.test.mock.mockito.ResetMocksTestExecutionListener, org.springframework.test.context.web.ServletTestExecutionListener, org.springframework.test.context.support.DirtiesContextBeforeModesTestExecutionListener, org.springframework.test.context.support.DependencyInjectionTestExecutionListener, org.springframework.test.context.support.DirtiesContextTestExecutionListener, org.springframework.test.context.transaction.TransactionalTestExecutionListener, org.springframework.test.context.jdbc.SqlScriptsTestExecutionListener]
16:15:46.995 [Test worker] INFO org.springframework.boot.test.context.SpringBootTestContextBootstrapper - Using TestExecutionListeners: [org.springframework.test.context.web.ServletTestExecutionListener@3b1e3253, org.springframework.test.context.support.DirtiesContextBeforeModesTestExecutionListener@499e9679, org.springframework.boot.test.mock.mockito.MockitoTestExecutionListener@129bdf4e, org.springframework.boot.test.autoconfigure.SpringBootDependencyInjectionTestExecutionListener@4548c319, org.springframework.test.context.support.DirtiesContextTestExecutionListener@f0eed49, org.springframework.test.context.transaction.TransactionalTestExecutionListener@321e8f8f, org.springframework.test.context.jdbc.SqlScriptsTestExecutionListener@7eb3572d, org.springframework.security.test.context.support.WithSecurityContextTestExecutionListener@7de003e9, org.springframework.security.test.context.support.ReactorContextTestExecutionListener@57ccdb9, org.springframework.boot.test.autoconfigure.restdocs.RestDocsTestExecutionListener@4358486e, org.springframework.boot.test.autoconfigure.web.client.MockRestServiceServerResetTestExecutionListener@27b66517, org.springframework.boot.test.autoconfigure.web.servlet.MockMvcPrintOnlyOnFailureTestExecutionListener@5a34d543, org.springframework.boot.test.autoconfigure.web.servlet.WebDriverTestExecutionListener@3946cab9, org.springframework.boot.test.mock.mockito.ResetMocksTestExecutionListener@385ceec7]
16:15:46.996 [Test worker] DEBUG org.springframework.test.annotation.ProfileValueUtils - Retrieved @ProfileValueSourceConfiguration [null] for test class [com.infelps.book.springboot.web.IndexControllerTest]
16:15:46.996 [Test worker] DEBUG org.springframework.test.annotation.ProfileValueUtils - Retrieved ProfileValueSource type [class org.springframework.test.annotation.SystemProfileValueSource] for class [com.infelps.book.springboot.web.IndexControllerTest]
16:15:46.996 [Test worker] DEBUG org.springframework.test.annotation.ProfileValueUtils - Retrieved @ProfileValueSourceConfiguration [null] for test class [com.infelps.book.springboot.web.IndexControllerTest]
16:15:46.996 [Test worker] DEBUG org.springframework.test.annotation.ProfileValueUtils - Retrieved ProfileValueSource type [class org.springframework.test.annotation.SystemProfileValueSource] for class [com.infelps.book.springboot.web.IndexControllerTest]
16:15:46.998 [Test worker] DEBUG org.springframework.test.context.support.AbstractDirtiesContextTestExecutionListener - Before test class: context [DefaultTestContext@6cf76fbe testClass = IndexControllerTest, testInstance = [null], testMethod = [null], testException = [null], mergedContextConfiguration = [WebMergedContextConfiguration@1a69abca testClass = IndexControllerTest, locations = '{}', classes = '{class com.infelps.book.springBoot.Application}', contextInitializerClasses = '[]', activeProfiles = '{}', propertySourceLocations = '{}', propertySourceProperties = '{org.springframework.boot.test.context.SpringBootTestContextBootstrapper=true, server.port=0}', contextCustomizers = set[org.springframework.boot.test.autoconfigure.properties.PropertyMappingContextCustomizer@0, org.springframework.boot.test.autoconfigure.web.servlet.WebDriverContextCustomizerFactory$Customizer@1cebd3d3, org.springframework.boot.test.context.filter.ExcludeFilterContextCustomizer@6ddf57b0, org.springframework.boot.test.json.DuplicateJsonObjectContextCustomizerFactory$DuplicateJsonObjectContextCustomizer@53558ee2, org.springframework.boot.test.mock.mockito.MockitoContextCustomizer@0, org.springframework.boot.test.web.client.TestRestTemplateContextCustomizer@403b8986], resourceBasePath = 'src/main/webapp', contextLoader = 'org.springframework.boot.test.context.SpringBootContextLoader', parent = [null]], attributes = map['org.springframework.test.context.web.ServletTestExecutionListener.activateListener' -> false]], class annotated with @DirtiesContext [false] with mode [null].
16:15:46.998 [Test worker] DEBUG org.springframework.test.annotation.ProfileValueUtils - Retrieved @ProfileValueSourceConfiguration [null] for test class [com.infelps.book.springboot.web.IndexControllerTest]
16:15:46.998 [Test worker] DEBUG org.springframework.test.annotation.ProfileValueUtils - Retrieved ProfileValueSource type [class org.springframework.test.annotation.SystemProfileValueSource] for class [com.infelps.book.springboot.web.IndexControllerTest]
16:15:47.000 [Test worker] DEBUG org.springframework.test.context.support.DependencyInjectionTestExecutionListener - Performing dependency injection for test context [[DefaultTestContext@6cf76fbe testClass = IndexControllerTest, testInstance = com.infelps.book.springboot.web.IndexControllerTest@71b1fea8, testMethod = [null], testException = [null], mergedContextConfiguration = [WebMergedContextConfiguration@1a69abca testClass = IndexControllerTest, locations = '{}', classes = '{class com.infelps.book.springBoot.Application}', contextInitializerClasses = '[]', activeProfiles = '{}', propertySourceLocations = '{}', propertySourceProperties = '{org.springframework.boot.test.context.SpringBootTestContextBootstrapper=true, server.port=0}', contextCustomizers = set[org.springframework.boot.test.autoconfigure.properties.PropertyMappingContextCustomizer@0, org.springframework.boot.test.autoconfigure.web.servlet.WebDriverContextCustomizerFactory$Customizer@1cebd3d3, org.springframework.boot.test.context.filter.ExcludeFilterContextCustomizer@6ddf57b0, org.springframework.boot.test.json.DuplicateJsonObjectContextCustomizerFactory$DuplicateJsonObjectContextCustomizer@53558ee2, org.springframework.boot.test.mock.mockito.MockitoContextCustomizer@0, org.springframework.boot.test.web.client.TestRestTemplateContextCustomizer@403b8986], resourceBasePath = 'src/main/webapp', contextLoader = 'org.springframework.boot.test.context.SpringBootContextLoader', parent = [null]], attributes = map['org.springframework.test.context.web.ServletTestExecutionListener.activateListener' -> false]]].
16:15:47.007 [Test worker] DEBUG org.springframework.test.context.support.TestPropertySourceUtils - Adding inlined properties to environment: {spring.jmx.enabled=false, org.springframework.boot.test.context.SpringBootTestContextBootstrapper=true, server.port=0}

  .   ____          _            __ _ _
 /\\ / ___'_ __ _ _(_)_ __  __ _ \ \ \ \
( ( )\___ | '_ | '_| | '_ \/ _` | \ \ \ \
 \\/  ___)| |_)| | | | | || (_| |  ) ) ) )
  '  |____| .__|_| |_|_| |_\__, | / / / /
 =========|_|==============|___/=/_/_/_/
 :: Spring Boot ::        (v2.1.7.RELEASE)

2022-02-10 16:15:47.108  INFO 4760 --- [    Test worker] c.i.b.s.web.IndexControllerTest          : Starting IndexControllerTest on joseongmin-ui-MacBookPro.local with PID 4760 (started by choseongmin in /Users/choseongmin/IdeaProjects/spring)
2022-02-10 16:15:47.109  INFO 4760 --- [    Test worker] c.i.b.s.web.IndexControllerTest          : No active profile set, falling back to default profiles: default
2022-02-10 16:15:47.458  INFO 4760 --- [    Test worker] .s.d.r.c.RepositoryConfigurationDelegate : Bootstrapping Spring Data repositories in DEFAULT mode.
2022-02-10 16:15:47.504  INFO 4760 --- [    Test worker] .s.d.r.c.RepositoryConfigurationDelegate : Finished Spring Data repository scanning in 37ms. Found 2 repository interfaces.
2022-02-10 16:15:47.739  INFO 4760 --- [    Test worker] trationDelegate$BeanPostProcessorChecker : Bean 'org.springframework.transaction.annotation.ProxyTransactionManagementConfiguration' of type [org.springframework.transaction.annotation.ProxyTransactionManagementConfiguration$$EnhancerBySpringCGLIB$$8266b164] is not eligible for getting processed by all BeanPostProcessors (for example: not eligible for auto-proxying)
2022-02-10 16:15:47.934  INFO 4760 --- [    Test worker] o.s.b.w.embedded.tomcat.TomcatWebServer  : Tomcat initialized with port(s): 0 (http)
2022-02-10 16:15:47.948  INFO 4760 --- [    Test worker] o.apache.catalina.core.StandardService   : Starting service [Tomcat]
2022-02-10 16:15:47.948  INFO 4760 --- [    Test worker] org.apache.catalina.core.StandardEngine  : Starting Servlet engine: [Apache Tomcat/9.0.22]
2022-02-10 16:15:47.995  INFO 4760 --- [    Test worker] o.a.c.c.C.[Tomcat].[localhost].[/]       : Initializing Spring embedded WebApplicationContext
2022-02-10 16:15:47.996  INFO 4760 --- [    Test worker] o.s.web.context.ContextLoader            : Root WebApplicationContext: initialization completed in 880 ms
2022-02-10 16:15:48.110  INFO 4760 --- [    Test worker] com.zaxxer.hikari.HikariDataSource       : HikariPool-1 - Starting...
2022-02-10 16:15:48.188  INFO 4760 --- [    Test worker] com.zaxxer.hikari.HikariDataSource       : HikariPool-1 - Start completed.
2022-02-10 16:15:48.232  INFO 4760 --- [    Test worker] o.hibernate.jpa.internal.util.LogHelper  : HHH000204: Processing PersistenceUnitInfo [
	name: default
	...]
2022-02-10 16:15:48.262  INFO 4760 --- [    Test worker] org.hibernate.Version                    : HHH000412: Hibernate Core {5.3.10.Final}
2022-02-10 16:15:48.263  INFO 4760 --- [    Test worker] org.hibernate.cfg.Environment            : HHH000206: hibernate.properties not found
2022-02-10 16:15:48.341  INFO 4760 --- [    Test worker] o.hibernate.annotations.common.Version   : HCANN000001: Hibernate Commons Annotations {5.0.4.Final}
2022-02-10 16:15:48.402  INFO 4760 --- [    Test worker] org.hibernate.dialect.Dialect            : HHH000400: Using dialect: org.hibernate.dialect.MySQL5InnoDBDialect
Hibernate: drop table if exists posts
Hibernate: drop table if exists user
Hibernate: create table posts (id bigint not null auto_increment, created_date datetime, modified_date datetime, author varchar(255), content TEXT not null, title varchar(500) not null, primary key (id)) engine=InnoDB
Hibernate: create table user (id bigint not null auto_increment, created_date datetime, modified_date datetime, email varchar(255) not null, name varchar(255) not null, picture varchar(255), role varchar(255) not null, primary key (id)) engine=InnoDB
2022-02-10 16:15:48.746  INFO 4760 --- [    Test worker] o.h.t.schema.internal.SchemaCreatorImpl  : HHH000476: Executing import script 'org.hibernate.tool.schema.internal.exec.ScriptSourceInputNonExistentImpl@497bd1e4'
2022-02-10 16:15:48.748  INFO 4760 --- [    Test worker] j.LocalContainerEntityManagerFactoryBean : Initialized JPA EntityManagerFactory for persistence unit 'default'
2022-02-10 16:15:49.144  INFO 4760 --- [    Test worker] o.h.h.i.QueryTranslatorFactoryInitiator  : HHH000397: Using ASTQueryTranslatorFactory
2022-02-10 16:15:49.336  INFO 4760 --- [    Test worker] o.s.s.web.DefaultSecurityFilterChain     : Creating filter chain: any request, [org.springframework.security.web.context.request.async.WebAsyncManagerIntegrationFilter@32ad7adf, org.springframework.security.web.context.SecurityContextPersistenceFilter@59307714, org.springframework.security.web.header.HeaderWriterFilter@36857ea5, org.springframework.security.web.authentication.logout.LogoutFilter@16f5c68c, org.springframework.security.oauth2.client.web.OAuth2AuthorizationRequestRedirectFilter@425eb5ff, org.springframework.security.oauth2.client.web.OAuth2LoginAuthenticationFilter@45443213, org.springframework.security.web.authentication.ui.DefaultLoginPageGeneratingFilter@ea50fa9, org.springframework.security.web.authentication.ui.DefaultLogoutPageGeneratingFilter@45f1cd81, org.springframework.security.web.savedrequest.RequestCacheAwareFilter@5752043d, org.springframework.security.web.servletapi.SecurityContextHolderAwareRequestFilter@332beec6, org.springframework.security.web.authentication.AnonymousAuthenticationFilter@2aad9770, org.springframework.security.web.session.SessionManagementFilter@72feaecc, org.springframework.security.web.access.ExceptionTranslationFilter@16f969e5, org.springframework.security.web.access.intercept.FilterSecurityInterceptor@7582b706]
2022-02-10 16:15:49.508  INFO 4760 --- [    Test worker] o.s.s.concurrent.ThreadPoolTaskExecutor  : Initializing ExecutorService 'applicationTaskExecutor'
2022-02-10 16:15:49.537  WARN 4760 --- [    Test worker] aWebConfiguration$JpaWebMvcConfiguration : spring.jpa.open-in-view is enabled by default. Therefore, database queries may be performed during view rendering. Explicitly configure spring.jpa.open-in-view to disable this warning
2022-02-10 16:15:49.564  INFO 4760 --- [    Test worker] o.s.b.a.w.s.WelcomePageHandlerMapping    : Adding welcome page template: index
2022-02-10 16:15:49.714  INFO 4760 --- [    Test worker] s.a.ScheduledAnnotationBeanPostProcessor : No TaskScheduler/ScheduledExecutorService bean found for scheduled processing
2022-02-10 16:15:49.724  INFO 4760 --- [    Test worker] o.s.b.w.embedded.tomcat.TomcatWebServer  : Tomcat started on port(s): 50045 (http) with context path ''
2022-02-10 16:15:49.726  INFO 4760 --- [    Test worker] c.i.b.s.web.IndexControllerTest          : Started IndexControllerTest in 2.717 seconds (JVM running for 3.117)
2022-02-10 16:15:49.800  INFO 4760 --- [o-auto-1-exec-1] o.a.c.c.C.[Tomcat].[localhost].[/]       : Initializing Spring DispatcherServlet 'dispatcherServlet'
2022-02-10 16:15:49.800  INFO 4760 --- [o-auto-1-exec-1] o.s.web.servlet.DispatcherServlet        : Initializing Servlet 'dispatcherServlet'
2022-02-10 16:15:49.808  INFO 4760 --- [o-auto-1-exec-1] o.s.web.servlet.DispatcherServlet        : Completed initialization in 8 ms
Hibernate: select posts0_.id as id1_0_, posts0_.created_date as created_2_0_, posts0_.modified_date as modified3_0_, posts0_.author as author4_0_, posts0_.content as content5_0_, posts0_.title as title6_0_ from posts posts0_ order by posts0_.id desc
]]></system-out>
  <system-err><![CDATA[]]></system-err>
</testsuite>
