<?xml version="1.0" encoding="UTF-8"?>
<testsuite name="com.infelps.book.springboot.web.IndexControllerTest" tests="1" skipped="0" failures="0" errors="0" timestamp="2022-02-10T09:15:20" hostname="joseongmin-ui-MacBookPro.local" time="0.152">
  <properties/>
  <testcase name="메인페이지_로딩" classname="com.infelps.book.springboot.web.IndexControllerTest" time="0.152"/>
  <system-out><![CDATA[18:15:17.300 [Test worker] DEBUG org.springframework.test.context.junit4.SpringJUnit4ClassRunner - SpringJUnit4ClassRunner constructor called with [class com.infelps.book.springboot.web.IndexControllerTest]
18:15:17.302 [Test worker] DEBUG org.springframework.test.context.BootstrapUtils - Instantiating CacheAwareContextLoaderDelegate from class [org.springframework.test.context.cache.DefaultCacheAwareContextLoaderDelegate]
18:15:17.305 [Test worker] DEBUG org.springframework.test.context.BootstrapUtils - Instantiating BootstrapContext using constructor [public org.springframework.test.context.support.DefaultBootstrapContext(java.lang.Class,org.springframework.test.context.CacheAwareContextLoaderDelegate)]
18:15:17.321 [Test worker] DEBUG org.springframework.test.context.BootstrapUtils - Instantiating TestContextBootstrapper for test class [com.infelps.book.springboot.web.IndexControllerTest] from class [org.springframework.boot.test.context.SpringBootTestContextBootstrapper]
18:15:17.328 [Test worker] INFO org.springframework.boot.test.context.SpringBootTestContextBootstrapper - Neither @ContextConfiguration nor @ContextHierarchy found for test class [com.infelps.book.springboot.web.IndexControllerTest], using SpringBootContextLoader
18:15:17.330 [Test worker] DEBUG org.springframework.test.context.support.AbstractContextLoader - Did not detect default resource location for test class [com.infelps.book.springboot.web.IndexControllerTest]: class path resource [com/infelps/book/springboot/web/IndexControllerTest-context.xml] does not exist
18:15:17.330 [Test worker] DEBUG org.springframework.test.context.support.AbstractContextLoader - Did not detect default resource location for test class [com.infelps.book.springboot.web.IndexControllerTest]: class path resource [com/infelps/book/springboot/web/IndexControllerTestContext.groovy] does not exist
18:15:17.330 [Test worker] INFO org.springframework.test.context.support.AbstractContextLoader - Could not detect default resource locations for test class [com.infelps.book.springboot.web.IndexControllerTest]: no resource found for suffixes {-context.xml, Context.groovy}.
18:15:17.330 [Test worker] INFO org.springframework.test.context.support.AnnotationConfigContextLoaderUtils - Could not detect default configuration classes for test class [com.infelps.book.springboot.web.IndexControllerTest]: IndexControllerTest does not declare any static, non-private, non-final, nested classes annotated with @Configuration.
18:15:17.348 [Test worker] DEBUG org.springframework.test.context.support.ActiveProfilesUtils - Could not find an 'annotation declaring class' for annotation type [org.springframework.test.context.ActiveProfiles] and class [com.infelps.book.springboot.web.IndexControllerTest]
18:15:17.401 [Test worker] DEBUG org.springframework.context.annotation.ClassPathScanningCandidateComponentProvider - Identified candidate component class: file [/Users/choseongmin/IdeaProjects/spring/build/classes/java/main/com/infelps/book/springboot/Application.class]
18:15:17.401 [Test worker] INFO org.springframework.boot.test.context.SpringBootTestContextBootstrapper - Found @SpringBootConfiguration com.infelps.book.springBoot.Application for test class com.infelps.book.springboot.web.IndexControllerTest
18:15:17.439 [Test worker] DEBUG org.springframework.boot.test.context.SpringBootTestContextBootstrapper - @TestExecutionListeners is not present for class [com.infelps.book.springboot.web.IndexControllerTest]: using defaults.
18:15:17.439 [Test worker] INFO org.springframework.boot.test.context.SpringBootTestContextBootstrapper - Loaded default TestExecutionListener class names from location [META-INF/spring.factories]: [org.springframework.security.test.context.support.WithSecurityContextTestExecutionListener, org.springframework.security.test.context.support.ReactorContextTestExecutionListener, org.springframework.boot.test.autoconfigure.restdocs.RestDocsTestExecutionListener, org.springframework.boot.test.autoconfigure.web.client.MockRestServiceServerResetTestExecutionListener, org.springframework.boot.test.autoconfigure.web.servlet.MockMvcPrintOnlyOnFailureTestExecutionListener, org.springframework.boot.test.autoconfigure.web.servlet.WebDriverTestExecutionListener, org.springframework.boot.test.mock.mockito.MockitoTestExecutionListener, org.springframework.boot.test.mock.mockito.ResetMocksTestExecutionListener, org.springframework.test.context.web.ServletTestExecutionListener, org.springframework.test.context.support.DirtiesContextBeforeModesTestExecutionListener, org.springframework.test.context.support.DependencyInjectionTestExecutionListener, org.springframework.test.context.support.DirtiesContextTestExecutionListener, org.springframework.test.context.transaction.TransactionalTestExecutionListener, org.springframework.test.context.jdbc.SqlScriptsTestExecutionListener, org.springframework.test.context.event.EventPublishingTestExecutionListener]
18:15:17.448 [Test worker] INFO org.springframework.boot.test.context.SpringBootTestContextBootstrapper - Using TestExecutionListeners: [org.springframework.test.context.web.ServletTestExecutionListener@5e3046ee, org.springframework.test.context.support.DirtiesContextBeforeModesTestExecutionListener@754ee6ab, org.springframework.boot.test.mock.mockito.MockitoTestExecutionListener@2ebe5dea, org.springframework.boot.test.autoconfigure.SpringBootDependencyInjectionTestExecutionListener@2bdc0847, org.springframework.test.context.support.DirtiesContextTestExecutionListener@77873ce4, org.springframework.test.context.transaction.TransactionalTestExecutionListener@757ef701, org.springframework.test.context.jdbc.SqlScriptsTestExecutionListener@2973b549, org.springframework.security.test.context.support.WithSecurityContextTestExecutionListener@62260e10, org.springframework.test.context.event.EventPublishingTestExecutionListener@2c087eac, org.springframework.security.test.context.support.ReactorContextTestExecutionListener@2ecc42d3, org.springframework.boot.test.autoconfigure.restdocs.RestDocsTestExecutionListener@1a2163be, org.springframework.boot.test.autoconfigure.web.client.MockRestServiceServerResetTestExecutionListener@4825b864, org.springframework.boot.test.autoconfigure.web.servlet.MockMvcPrintOnlyOnFailureTestExecutionListener@27b752d2, org.springframework.boot.test.autoconfigure.web.servlet.WebDriverTestExecutionListener@6b21562d, org.springframework.boot.test.mock.mockito.ResetMocksTestExecutionListener@7a0cf464]
18:15:17.449 [Test worker] DEBUG org.springframework.test.annotation.ProfileValueUtils - Retrieved @ProfileValueSourceConfiguration [null] for test class [com.infelps.book.springboot.web.IndexControllerTest]
18:15:17.449 [Test worker] DEBUG org.springframework.test.annotation.ProfileValueUtils - Retrieved ProfileValueSource type [class org.springframework.test.annotation.SystemProfileValueSource] for class [com.infelps.book.springboot.web.IndexControllerTest]
18:15:17.449 [Test worker] DEBUG org.springframework.test.annotation.ProfileValueUtils - Retrieved @ProfileValueSourceConfiguration [null] for test class [com.infelps.book.springboot.web.IndexControllerTest]
18:15:17.449 [Test worker] DEBUG org.springframework.test.annotation.ProfileValueUtils - Retrieved ProfileValueSource type [class org.springframework.test.annotation.SystemProfileValueSource] for class [com.infelps.book.springboot.web.IndexControllerTest]
18:15:17.451 [Test worker] DEBUG org.springframework.test.context.support.AbstractDirtiesContextTestExecutionListener - Before test class: context [DefaultTestContext@3831e8a7 testClass = IndexControllerTest, testInstance = [null], testMethod = [null], testException = [null], mergedContextConfiguration = [WebMergedContextConfiguration@823c50a testClass = IndexControllerTest, locations = '{}', classes = '{class com.infelps.book.springBoot.Application}', contextInitializerClasses = '[]', activeProfiles = '{}', propertySourceLocations = '{}', propertySourceProperties = '{org.springframework.boot.test.context.SpringBootTestContextBootstrapper=true, server.port=0}', contextCustomizers = set[org.springframework.boot.test.autoconfigure.properties.PropertyMappingContextCustomizer@0, org.springframework.boot.test.autoconfigure.web.servlet.WebDriverContextCustomizerFactory$Customizer@647985b0, org.springframework.boot.test.context.filter.ExcludeFilterContextCustomizer@7728d079, org.springframework.boot.test.json.DuplicateJsonObjectContextCustomizerFactory$DuplicateJsonObjectContextCustomizer@30005763, org.springframework.boot.test.mock.mockito.MockitoContextCustomizer@0, org.springframework.boot.test.web.client.TestRestTemplateContextCustomizer@4211076c], resourceBasePath = 'src/main/webapp', contextLoader = 'org.springframework.boot.test.context.SpringBootContextLoader', parent = [null]], attributes = map['org.springframework.test.context.web.ServletTestExecutionListener.activateListener' -> false]], class annotated with @DirtiesContext [false] with mode [null].
18:15:17.451 [Test worker] DEBUG org.springframework.test.annotation.ProfileValueUtils - Retrieved @ProfileValueSourceConfiguration [null] for test class [com.infelps.book.springboot.web.IndexControllerTest]
18:15:17.451 [Test worker] DEBUG org.springframework.test.annotation.ProfileValueUtils - Retrieved ProfileValueSource type [class org.springframework.test.annotation.SystemProfileValueSource] for class [com.infelps.book.springboot.web.IndexControllerTest]
18:15:17.453 [Test worker] DEBUG org.springframework.test.context.support.DependencyInjectionTestExecutionListener - Performing dependency injection for test context [[DefaultTestContext@3831e8a7 testClass = IndexControllerTest, testInstance = com.infelps.book.springboot.web.IndexControllerTest@2dbe1c31, testMethod = [null], testException = [null], mergedContextConfiguration = [WebMergedContextConfiguration@823c50a testClass = IndexControllerTest, locations = '{}', classes = '{class com.infelps.book.springBoot.Application}', contextInitializerClasses = '[]', activeProfiles = '{}', propertySourceLocations = '{}', propertySourceProperties = '{org.springframework.boot.test.context.SpringBootTestContextBootstrapper=true, server.port=0}', contextCustomizers = set[org.springframework.boot.test.autoconfigure.properties.PropertyMappingContextCustomizer@0, org.springframework.boot.test.autoconfigure.web.servlet.WebDriverContextCustomizerFactory$Customizer@647985b0, org.springframework.boot.test.context.filter.ExcludeFilterContextCustomizer@7728d079, org.springframework.boot.test.json.DuplicateJsonObjectContextCustomizerFactory$DuplicateJsonObjectContextCustomizer@30005763, org.springframework.boot.test.mock.mockito.MockitoContextCustomizer@0, org.springframework.boot.test.web.client.TestRestTemplateContextCustomizer@4211076c], resourceBasePath = 'src/main/webapp', contextLoader = 'org.springframework.boot.test.context.SpringBootContextLoader', parent = [null]], attributes = map['org.springframework.test.context.web.ServletTestExecutionListener.activateListener' -> false]]].
18:15:17.460 [Test worker] DEBUG org.springframework.test.context.support.TestPropertySourceUtils - Adding inlined properties to environment: {spring.jmx.enabled=false, org.springframework.boot.test.context.SpringBootTestContextBootstrapper=true, server.port=0}

  .   ____          _            __ _ _
 /\\ / ___'_ __ _ _(_)_ __  __ _ \ \ \ \
( ( )\___ | '_ | '_| | '_ \/ _` | \ \ \ \
 \\/  ___)| |_)| | | | | || (_| |  ) ) ) )
  '  |____| .__|_| |_|_| |_\__, | / / / /
 =========|_|==============|___/=/_/_/_/
 :: Spring Boot ::        (v2.2.0.RELEASE)

2022-02-10 18:15:17.769  INFO 6583 --- [    Test worker] c.i.b.s.web.IndexControllerTest          : Starting IndexControllerTest on joseongmin-ui-MacBookPro.local with PID 6583 (started by choseongmin in /Users/choseongmin/IdeaProjects/spring)
2022-02-10 18:15:17.770  INFO 6583 --- [    Test worker] c.i.b.s.web.IndexControllerTest          : No active profile set, falling back to default profiles: default
2022-02-10 18:15:18.075  INFO 6583 --- [    Test worker] .s.d.r.c.RepositoryConfigurationDelegate : Bootstrapping Spring Data repositories in DEFAULT mode.
2022-02-10 18:15:18.104  INFO 6583 --- [    Test worker] .s.d.r.c.RepositoryConfigurationDelegate : Finished Spring Data repository scanning in 25ms. Found 2 repository interfaces.
2022-02-10 18:15:18.332  INFO 6583 --- [    Test worker] trationDelegate$BeanPostProcessorChecker : Bean 'org.springframework.transaction.annotation.ProxyTransactionManagementConfiguration' of type [org.springframework.transaction.annotation.ProxyTransactionManagementConfiguration] is not eligible for getting processed by all BeanPostProcessors (for example: not eligible for auto-proxying)
2022-02-10 18:15:18.519  INFO 6583 --- [    Test worker] o.s.b.w.embedded.tomcat.TomcatWebServer  : Tomcat initialized with port(s): 0 (http)
2022-02-10 18:15:18.525  INFO 6583 --- [    Test worker] o.apache.catalina.core.StandardService   : Starting service [Tomcat]
2022-02-10 18:15:18.525  INFO 6583 --- [    Test worker] org.apache.catalina.core.StandardEngine  : Starting Servlet engine: [Apache Tomcat/9.0.27]
2022-02-10 18:15:18.564  INFO 6583 --- [    Test worker] o.a.c.c.C.[Tomcat].[localhost].[/]       : Initializing Spring embedded WebApplicationContext
2022-02-10 18:15:18.564  INFO 6583 --- [    Test worker] o.s.web.context.ContextLoader            : Root WebApplicationContext: initialization completed in 785 ms
2022-02-10 18:15:18.594  INFO 6583 --- [    Test worker] com.zaxxer.hikari.HikariDataSource       : HikariPool-1 - Starting...
2022-02-10 18:15:18.685  INFO 6583 --- [    Test worker] com.zaxxer.hikari.HikariDataSource       : HikariPool-1 - Start completed.
2022-02-10 18:15:18.689  INFO 6583 --- [    Test worker] o.s.b.a.h2.H2ConsoleAutoConfiguration    : H2 console available at '/h2-console'. Database available at 'jdbc:h2:mem:testdb'
2022-02-10 18:15:18.811  INFO 6583 --- [    Test worker] o.hibernate.jpa.internal.util.LogHelper  : HHH000204: Processing PersistenceUnitInfo [name: default]
2022-02-10 18:15:18.848  INFO 6583 --- [    Test worker] org.hibernate.Version                    : HHH000412: Hibernate Core {5.4.6.Final}
2022-02-10 18:15:18.932  INFO 6583 --- [    Test worker] o.hibernate.annotations.common.Version   : HCANN000001: Hibernate Commons Annotations {5.1.0.Final}
2022-02-10 18:15:18.983  INFO 6583 --- [    Test worker] org.hibernate.dialect.Dialect            : HHH000400: Using dialect: org.hibernate.dialect.MySQL5InnoDBDialect
Hibernate: drop table if exists posts
Hibernate: drop table if exists user
Hibernate: create table posts (id bigint not null auto_increment, created_date datetime, modified_date datetime, author varchar(255), content TEXT not null, title varchar(500) not null, primary key (id)) engine=InnoDB
Hibernate: create table user (id bigint not null auto_increment, created_date datetime, modified_date datetime, email varchar(255) not null, name varchar(255) not null, picture varchar(255), role varchar(255) not null, primary key (id)) engine=InnoDB
2022-02-10 18:15:19.355  INFO 6583 --- [    Test worker] o.h.e.t.j.p.i.JtaPlatformInitiator       : HHH000490: Using JtaPlatform implementation: [org.hibernate.engine.transaction.jta.platform.internal.NoJtaPlatform]
2022-02-10 18:15:19.358  INFO 6583 --- [    Test worker] j.LocalContainerEntityManagerFactoryBean : Initialized JPA EntityManagerFactory for persistence unit 'default'
2022-02-10 18:15:19.685  WARN 6583 --- [    Test worker] JpaBaseConfiguration$JpaWebConfiguration : spring.jpa.open-in-view is enabled by default. Therefore, database queries may be performed during view rendering. Explicitly configure spring.jpa.open-in-view to disable this warning
2022-02-10 18:15:19.902  INFO 6583 --- [    Test worker] o.s.s.web.DefaultSecurityFilterChain     : Creating filter chain: any request, [org.springframework.security.web.context.request.async.WebAsyncManagerIntegrationFilter@3ddad3c1, org.springframework.security.web.context.SecurityContextPersistenceFilter@7d93600b, org.springframework.security.web.header.HeaderWriterFilter@48c06d66, org.springframework.security.web.authentication.logout.LogoutFilter@5f01944a, org.springframework.security.oauth2.client.web.OAuth2AuthorizationRequestRedirectFilter@18646908, org.springframework.security.oauth2.client.web.OAuth2LoginAuthenticationFilter@55547cc4, org.springframework.security.web.authentication.ui.DefaultLoginPageGeneratingFilter@3fc75853, org.springframework.security.web.authentication.ui.DefaultLogoutPageGeneratingFilter@5b59630b, org.springframework.security.web.savedrequest.RequestCacheAwareFilter@2df57461, org.springframework.security.web.servletapi.SecurityContextHolderAwareRequestFilter@ccf5109, org.springframework.security.web.authentication.AnonymousAuthenticationFilter@543d54e7, org.springframework.security.web.session.SessionManagementFilter@35590c04, org.springframework.security.web.access.ExceptionTranslationFilter@7758e499, org.springframework.security.web.access.intercept.FilterSecurityInterceptor@35e0a834]
2022-02-10 18:15:20.016  INFO 6583 --- [    Test worker] o.s.s.concurrent.ThreadPoolTaskExecutor  : Initializing ExecutorService 'applicationTaskExecutor'
2022-02-10 18:15:20.069  INFO 6583 --- [    Test worker] o.s.b.a.w.s.WelcomePageHandlerMapping    : Adding welcome page template: index
2022-02-10 18:15:20.194  INFO 6583 --- [    Test worker] s.a.ScheduledAnnotationBeanPostProcessor : No TaskScheduler/ScheduledExecutorService bean found for scheduled processing
2022-02-10 18:15:20.210  INFO 6583 --- [    Test worker] o.s.b.w.embedded.tomcat.TomcatWebServer  : Tomcat started on port(s): 50364 (http) with context path ''
2022-02-10 18:15:20.211  INFO 6583 --- [    Test worker] c.i.b.s.web.IndexControllerTest          : Started IndexControllerTest in 2.75 seconds (JVM running for 3.184)
2022-02-10 18:15:20.294  INFO 6583 --- [o-auto-1-exec-1] o.a.c.c.C.[Tomcat].[localhost].[/]       : Initializing Spring DispatcherServlet 'dispatcherServlet'
2022-02-10 18:15:20.294  INFO 6583 --- [o-auto-1-exec-1] o.s.web.servlet.DispatcherServlet        : Initializing Servlet 'dispatcherServlet'
2022-02-10 18:15:20.303  INFO 6583 --- [o-auto-1-exec-1] o.s.web.servlet.DispatcherServlet        : Completed initialization in 9 ms
Hibernate: select posts0_.id as id1_0_, posts0_.created_date as created_2_0_, posts0_.modified_date as modified3_0_, posts0_.author as author4_0_, posts0_.content as content5_0_, posts0_.title as title6_0_ from posts posts0_ order by posts0_.id desc
]]></system-out>
  <system-err><![CDATA[]]></system-err>
</testsuite>
