<?xml version="1.0" encoding="UTF-8"?>
<testsuite name="com.infelps.book.springBoot.web.IndexControllerTest" tests="1" skipped="0" failures="0" errors="0" timestamp="2022-02-17T13:58:28" hostname="joseongmin-ui-MacBookPro.local" time="0.134">
  <properties/>
  <testcase name="메인페이지_로딩" classname="com.infelps.book.springBoot.web.IndexControllerTest" time="0.134"/>
  <system-out><![CDATA[2022-02-17 22:58:26.510  INFO 27688 --- [    Test worker] .b.t.c.SpringBootTestContextBootstrapper : Neither @ContextConfiguration nor @ContextHierarchy found for test class [com.infelps.book.springBoot.web.IndexControllerTest], using SpringBootContextLoader
2022-02-17 22:58:26.510  INFO 27688 --- [    Test worker] o.s.t.c.support.AbstractContextLoader    : Could not detect default resource locations for test class [com.infelps.book.springBoot.web.IndexControllerTest]: no resource found for suffixes {-context.xml, Context.groovy}.
2022-02-17 22:58:26.511  INFO 27688 --- [    Test worker] t.c.s.AnnotationConfigContextLoaderUtils : Could not detect default configuration classes for test class [com.infelps.book.springBoot.web.IndexControllerTest]: IndexControllerTest does not declare any static, non-private, non-final, nested classes annotated with @Configuration.
2022-02-17 22:58:26.511  INFO 27688 --- [    Test worker] .b.t.c.SpringBootTestContextBootstrapper : Found @SpringBootConfiguration com.infelps.book.springBoot.Application for test class com.infelps.book.springBoot.web.IndexControllerTest
2022-02-17 22:58:26.512  INFO 27688 --- [    Test worker] .b.t.c.SpringBootTestContextBootstrapper : Loaded default TestExecutionListener class names from location [META-INF/spring.factories]: [org.springframework.security.test.context.support.WithSecurityContextTestExecutionListener, org.springframework.security.test.context.support.ReactorContextTestExecutionListener, org.springframework.boot.test.autoconfigure.restdocs.RestDocsTestExecutionListener, org.springframework.boot.test.autoconfigure.web.client.MockRestServiceServerResetTestExecutionListener, org.springframework.boot.test.autoconfigure.web.servlet.MockMvcPrintOnlyOnFailureTestExecutionListener, org.springframework.boot.test.autoconfigure.web.servlet.WebDriverTestExecutionListener, org.springframework.boot.test.mock.mockito.MockitoTestExecutionListener, org.springframework.boot.test.mock.mockito.ResetMocksTestExecutionListener, org.springframework.test.context.web.ServletTestExecutionListener, org.springframework.test.context.support.DirtiesContextBeforeModesTestExecutionListener, org.springframework.test.context.support.DependencyInjectionTestExecutionListener, org.springframework.test.context.support.DirtiesContextTestExecutionListener, org.springframework.test.context.transaction.TransactionalTestExecutionListener, org.springframework.test.context.jdbc.SqlScriptsTestExecutionListener]
2022-02-17 22:58:26.513  INFO 27688 --- [    Test worker] .b.t.c.SpringBootTestContextBootstrapper : Using TestExecutionListeners: [org.springframework.test.context.web.ServletTestExecutionListener@18539ae3, org.springframework.test.context.support.DirtiesContextBeforeModesTestExecutionListener@59d3f161, org.springframework.boot.test.mock.mockito.MockitoTestExecutionListener@6ce9c325, org.springframework.boot.test.autoconfigure.SpringBootDependencyInjectionTestExecutionListener@39ff4c67, org.springframework.test.context.support.DirtiesContextTestExecutionListener@3dff5d39, org.springframework.test.context.transaction.TransactionalTestExecutionListener@7be1fb1e, org.springframework.test.context.jdbc.SqlScriptsTestExecutionListener@59b3efac, org.springframework.security.test.context.support.WithSecurityContextTestExecutionListener@1a6c1c89, org.springframework.security.test.context.support.ReactorContextTestExecutionListener@5dbd8c68, org.springframework.boot.test.autoconfigure.restdocs.RestDocsTestExecutionListener@29f0b5ca, org.springframework.boot.test.autoconfigure.web.client.MockRestServiceServerResetTestExecutionListener@6f78f1d7, org.springframework.boot.test.autoconfigure.web.servlet.MockMvcPrintOnlyOnFailureTestExecutionListener@150a20e5, org.springframework.boot.test.autoconfigure.web.servlet.WebDriverTestExecutionListener@246520e0, org.springframework.boot.test.mock.mockito.ResetMocksTestExecutionListener@8979f43]

  .   ____          _            __ _ _
 /\\ / ___'_ __ _ _(_)_ __  __ _ \ \ \ \
( ( )\___ | '_ | '_| | '_ \/ _` | \ \ \ \
 \\/  ___)| |_)| | | | | || (_| |  ) ) ) )
  '  |____| .__|_| |_|_| |_\__, | / / / /
 =========|_|==============|___/=/_/_/_/
 :: Spring Boot ::        (v2.1.7.RELEASE)

2022-02-17 22:58:26.524  INFO 27688 --- [    Test worker] c.i.b.s.web.IndexControllerTest          : Starting IndexControllerTest on joseongmin-ui-MacBookPro.local with PID 27688 (started by choseongmin in /Users/choseongmin/IdeaProjects/spring)
2022-02-17 22:58:26.524  INFO 27688 --- [    Test worker] c.i.b.s.web.IndexControllerTest          : No active profile set, falling back to default profiles: default
2022-02-17 22:58:26.699  INFO 27688 --- [    Test worker] .s.d.r.c.RepositoryConfigurationDelegate : Bootstrapping Spring Data repositories in DEFAULT mode.
2022-02-17 22:58:26.736  INFO 27688 --- [    Test worker] .s.d.r.c.RepositoryConfigurationDelegate : Finished Spring Data repository scanning in 30ms. Found 2 repository interfaces.
2022-02-17 22:58:26.872  INFO 27688 --- [    Test worker] trationDelegate$BeanPostProcessorChecker : Bean 'org.springframework.transaction.annotation.ProxyTransactionManagementConfiguration' of type [org.springframework.transaction.annotation.ProxyTransactionManagementConfiguration$$EnhancerBySpringCGLIB$$987b03] is not eligible for getting processed by all BeanPostProcessors (for example: not eligible for auto-proxying)
2022-02-17 22:58:27.038  INFO 27688 --- [    Test worker] o.s.b.w.embedded.tomcat.TomcatWebServer  : Tomcat initialized with port(s): 0 (http)
2022-02-17 22:58:27.053  INFO 27688 --- [    Test worker] o.apache.catalina.core.StandardService   : Starting service [Tomcat]
2022-02-17 22:58:27.053  INFO 27688 --- [    Test worker] org.apache.catalina.core.StandardEngine  : Starting Servlet engine: [Apache Tomcat/9.0.22]
2022-02-17 22:58:27.105  INFO 27688 --- [    Test worker] o.a.c.c.C.[Tomcat].[localhost].[/]       : Initializing Spring embedded WebApplicationContext
2022-02-17 22:58:27.105  INFO 27688 --- [    Test worker] o.s.web.context.ContextLoader            : Root WebApplicationContext: initialization completed in 580 ms
2022-02-17 22:58:27.207  INFO 27688 --- [    Test worker] com.zaxxer.hikari.HikariDataSource       : HikariPool-1 - Starting...
2022-02-17 22:58:27.298  INFO 27688 --- [    Test worker] com.zaxxer.hikari.HikariDataSource       : HikariPool-1 - Start completed.
2022-02-17 22:58:27.345  INFO 27688 --- [    Test worker] o.hibernate.jpa.internal.util.LogHelper  : HHH000204: Processing PersistenceUnitInfo [
	name: default
	...]
2022-02-17 22:58:27.387  INFO 27688 --- [    Test worker] org.hibernate.Version                    : HHH000412: Hibernate Core {5.3.10.Final}
2022-02-17 22:58:27.388  INFO 27688 --- [    Test worker] org.hibernate.cfg.Environment            : HHH000206: hibernate.properties not found
2022-02-17 22:58:27.419  INFO 27688 --- [    Test worker] o.hibernate.annotations.common.Version   : HCANN000001: Hibernate Commons Annotations {5.0.4.Final}
2022-02-17 22:58:27.503  INFO 27688 --- [    Test worker] org.hibernate.dialect.Dialect            : HHH000400: Using dialect: org.hibernate.dialect.MySQL5InnoDBDialect
Hibernate: drop table if exists posts
Hibernate: drop table if exists user
Hibernate: create table posts (id bigint not null auto_increment, created_date datetime, modified_date datetime, author varchar(255), content TEXT not null, title varchar(500) not null, primary key (id)) engine=InnoDB
Hibernate: create table user (id bigint not null auto_increment, created_date datetime, modified_date datetime, email varchar(255) not null, name varchar(255) not null, picture varchar(255), role varchar(255) not null, primary key (id)) engine=InnoDB
2022-02-17 22:58:27.951  INFO 27688 --- [    Test worker] o.h.t.schema.internal.SchemaCreatorImpl  : HHH000476: Executing import script 'org.hibernate.tool.schema.internal.exec.ScriptSourceInputNonExistentImpl@3a0b16c6'
2022-02-17 22:58:27.953  INFO 27688 --- [    Test worker] j.LocalContainerEntityManagerFactoryBean : Initialized JPA EntityManagerFactory for persistence unit 'default'
2022-02-17 22:58:28.322  INFO 27688 --- [    Test worker] o.h.h.i.QueryTranslatorFactoryInitiator  : HHH000397: Using ASTQueryTranslatorFactory
2022-02-17 22:58:28.505  INFO 27688 --- [    Test worker] o.s.s.web.DefaultSecurityFilterChain     : Creating filter chain: any request, [org.springframework.security.web.context.request.async.WebAsyncManagerIntegrationFilter@4a07b6c3, org.springframework.security.web.context.SecurityContextPersistenceFilter@eb49ded, org.springframework.security.web.header.HeaderWriterFilter@1c3185ea, org.springframework.security.web.authentication.logout.LogoutFilter@4d3f6cc5, org.springframework.security.oauth2.client.web.OAuth2AuthorizationRequestRedirectFilter@57fd3621, org.springframework.security.oauth2.client.web.OAuth2LoginAuthenticationFilter@672d5c7c, org.springframework.security.web.authentication.ui.DefaultLoginPageGeneratingFilter@674ede34, org.springframework.security.web.authentication.ui.DefaultLogoutPageGeneratingFilter@f1917c8, org.springframework.security.web.savedrequest.RequestCacheAwareFilter@a6eb216, org.springframework.security.web.servletapi.SecurityContextHolderAwareRequestFilter@1ae07864, org.springframework.security.web.authentication.AnonymousAuthenticationFilter@2da64eb, org.springframework.security.web.session.SessionManagementFilter@7c60366a, org.springframework.security.web.access.ExceptionTranslationFilter@641c084d, org.springframework.security.web.access.intercept.FilterSecurityInterceptor@713e1c25]
2022-02-17 22:58:28.605  INFO 27688 --- [    Test worker] o.s.s.concurrent.ThreadPoolTaskExecutor  : Initializing ExecutorService 'applicationTaskExecutor'
2022-02-17 22:58:28.614  WARN 27688 --- [    Test worker] aWebConfiguration$JpaWebMvcConfiguration : spring.jpa.open-in-view is enabled by default. Therefore, database queries may be performed during view rendering. Explicitly configure spring.jpa.open-in-view to disable this warning
2022-02-17 22:58:28.633  INFO 27688 --- [    Test worker] o.s.b.a.w.s.WelcomePageHandlerMapping    : Adding welcome page template: index
2022-02-17 22:58:28.788  INFO 27688 --- [    Test worker] s.a.ScheduledAnnotationBeanPostProcessor : No TaskScheduler/ScheduledExecutorService bean found for scheduled processing
2022-02-17 22:58:28.802  INFO 27688 --- [    Test worker] o.s.b.w.embedded.tomcat.TomcatWebServer  : Tomcat started on port(s): 56464 (http) with context path ''
2022-02-17 22:58:28.803  INFO 27688 --- [    Test worker] c.i.b.s.web.IndexControllerTest          : Started IndexControllerTest in 2.29 seconds (JVM running for 4.185)
2022-02-17 22:58:28.863  INFO 27688 --- [o-auto-1-exec-1] o.a.c.c.C.[Tomcat].[localhost].[/]       : Initializing Spring DispatcherServlet 'dispatcherServlet'
2022-02-17 22:58:28.863  INFO 27688 --- [o-auto-1-exec-1] o.s.web.servlet.DispatcherServlet        : Initializing Servlet 'dispatcherServlet'
2022-02-17 22:58:28.874  INFO 27688 --- [o-auto-1-exec-1] o.s.web.servlet.DispatcherServlet        : Completed initialization in 10 ms
Hibernate: select posts0_.id as id1_0_, posts0_.created_date as created_2_0_, posts0_.modified_date as modified3_0_, posts0_.author as author4_0_, posts0_.content as content5_0_, posts0_.title as title6_0_ from posts posts0_ order by posts0_.id desc
]]></system-out>
  <system-err><![CDATA[]]></system-err>
</testsuite>
